#
# A fatal error has been detected by the Java Runtime Environment:
#
#  Internal Error (javaClasses.cpp:129), pid=11076, tid=26572
#  fatal error: Invalid layout of preloaded class
#
# JRE version: 7.0_25-b17
# Java VM: Java HotSpot(TM) Client VM (23.25-b01 mixed mode windows-x86 )
# Failed to write core dump. Minidumps are not enabled by default on client versions of Windows
#
# If you would like to submit a bug report, please visit:
#   http://bugreport.sun.com/bugreport/crash.jsp
#

---------------  T H R E A D  ---------------

Current thread (0x013eac00):  JavaThread "Unknown thread" [_thread_in_vm, id=26572, stack(0x011f0000,0x01240000)]

Stack: [0x011f0000,0x01240000],  sp=0x0123f980,  free space=318k
Native frames: (J=compiled Java code, j=interpreted, Vv=VM code, C=native code)
V  [jvm.dll+0x167e31]
V  [jvm.dll+0x1620f6]
V  [jvm.dll+0x1f92f]
V  [jvm.dll+0x1f9b6]
V  [jvm.dll+0x2cffd]
V  [jvm.dll+0x2d2a9]
V  [jvm.dll+0x75351]
V  [jvm.dll+0x7570b]
V  [jvm.dll+0x123881]
V  [jvm.dll+0x1439cc]
V  [jvm.dll+0xa619f]
C  [javaw.exe+0x13ca]
C  [javaw.exe+0x1e3c]
C  [javaw.exe+0xa5b1]
C  [javaw.exe+0xa63b]
C  [KERNEL32.DLL+0x2850d]  BaseThreadInitThunk+0xe
C  [ntdll.dll+0x5bf39]  RtlInitializeExceptionChain+0x85
C  [ntdll.dll+0x5bf0c]  RtlInitializeExceptionChain+0x58


---------------  P R O C E S S  ---------------

Java Threads: ( => current thread )

Other Threads:

=>0x013eac00 (exited) JavaThread "Unknown thread" [_thread_in_vm, id=26572, stack(0x011f0000,0x01240000)]

VM state:not at safepoint (not fully initialized)

VM Mutex/Monitor currently owned by a thread: None

GC Heap History (0 events):
No events

Deoptimization events (0 events):
No events

Internal exceptions (0 events):
No events

Events (10 events):
Event: 0.025 loading class 0x02d13ce0 done
Event: 0.025 loading class 0x02cf4dc8 done
Event: 0.025 loading class 0x02cf4e40
Event: 0.026 loading class 0x02d1beb0
Event: 0.026 loading class 0x02d1beb0 done
Event: 0.026 loading class 0x02d1bb68
Event: 0.026 loading class 0x02d1bb68 done
Event: 0.026 loading class 0x02d66058
Event: 0.026 loading class 0x02d66058 done
Event: 0.026 loading class 0x02cf4e40 done


Dynamic libraries:
0x01310000 - 0x0133f000 	C:\Shared\IDEs\Eclipse\jre\bin\javaw.exe
0x77620000 - 0x77777000 	C:\Windows\SYSTEM32\ntdll.dll
0x761e0000 - 0x76310000 	C:\Windows\SYSTEM32\KERNEL32.DLL
0x77150000 - 0x771f6000 	C:\Windows\SYSTEM32\KERNELBASE.dll
0x76a20000 - 0x76ace000 	C:\Windows\SYSTEM32\ADVAPI32.dll
0x75f20000 - 0x76036000 	C:\Windows\SYSTEM32\USER32.dll
0x74160000 - 0x74358000 	C:\Windows\WinSxS\x86_microsoft.windows.common-controls_6595b64144ccf1df_6.0.9200.16579_none_8937eec6860750f5\COMCTL32.dll
0x76dd0000 - 0x76e81000 	C:\Windows\SYSTEM32\msvcrt.dll
0x767c0000 - 0x767f4000 	C:\Windows\SYSTEM32\sechost.dll
0x76af0000 - 0x76b9c000 	C:\Windows\SYSTEM32\RPCRT4.dll
0x76e90000 - 0x76f8d000 	C:\Windows\SYSTEM32\GDI32.dll
0x74c50000 - 0x74c6c000 	C:\Windows\SYSTEM32\SspiCli.dll
0x74c40000 - 0x74c49000 	C:\Windows\SYSTEM32\CRYPTBASE.dll
0x74be0000 - 0x74c31000 	C:\Windows\SYSTEM32\bcryptPrimitives.dll
0x77260000 - 0x77280000 	C:\Windows\system32\IMM32.DLL
0x77480000 - 0x7755e000 	C:\Windows\SYSTEM32\MSCTF.dll
0x651f0000 - 0x652ae000 	C:\Shared\IDEs\Eclipse\jre\bin\msvcr100.dll
0x65720000 - 0x65a62000 	C:\Shared\IDEs\Eclipse\jre\bin\client\jvm.dll
0x74510000 - 0x74518000 	C:\Windows\SYSTEM32\WSOCK32.dll
0x74af0000 - 0x74b11000 	C:\Windows\SYSTEM32\WINMM.dll
0x76310000 - 0x76316000 	C:\Windows\SYSTEM32\PSAPI.DLL
0x74c90000 - 0x74ce0000 	C:\Windows\SYSTEM32\WS2_32.dll
0x74520000 - 0x7454b000 	C:\Windows\SYSTEM32\WINMMBASE.dll
0x77200000 - 0x77208000 	C:\Windows\SYSTEM32\NSI.dll
0x76d80000 - 0x76dc6000 	C:\Windows\SYSTEM32\cfgmgr32.dll
0x76ad0000 - 0x76aee000 	C:\Windows\SYSTEM32\DEVOBJ.dll
0x6a130000 - 0x6a13c000 	C:\Shared\IDEs\Eclipse\jre\bin\verify.dll
0x67f10000 - 0x67f30000 	C:\Shared\IDEs\Eclipse\jre\bin\java.dll
0x67ef0000 - 0x67f03000 	C:\Shared\IDEs\Eclipse\jre\bin\zip.dll
0x6ef90000 - 0x6f0b9000 	C:\Windows\SYSTEM32\dbghelp.dll

VM Arguments:
jvm_args: -Dfile.encoding=Cp1252 -Xbootclasspath:C:\Shared\IDEs\Android SDK\adt-bundle-windows-x86-20130717\sdk\platforms\android-19\android.jar 
java_command: com.vosaye.xagon.ds.Xagon
Launcher Type: SUN_STANDARD

Environment Variables:
PATH=C:/Shared/IDEs/Eclipse/jre/bin/client;C:/Shared/IDEs/Eclipse/jre/bin;C:/Shared/IDEs/Eclipse/jre/lib/i386;C:\WinAVR-20100110\bin;C:\WinAVR-20100110\utils\bin;C:\Program Files (x86)\PC Connectivity Solution\;C:\Windows\system32;C:\Windows;C:\Windows\System32\Wbem;C:\Windows\System32\WindowsPowerShell\v1.0\;C:\Program Files (x86)\Windows Live\Shared;C:\Program Files (x86)\ATI Technologies\ATI.ACE\Core-Static;C:\Program Files (x86)\Autodesk\Backburner\;C:\adbfastboot;C:\Program Files\Java\jdk1.7.0_45\bin;C:\Program Files\Java\jre7\bin;C:\Program Files (x86)\Java\jdk1.7.0_25\bin;C:\Program Files (x86)\Java\jre7\bin;C:\Program Files (x86)\Google\google_appengine\;C:\Shared\IDEs\Eclipse;
USERNAME=Roger
OS=Windows_NT
PROCESSOR_IDENTIFIER=AMD64 Family 22 Model 0 Stepping 1, AuthenticAMD



---------------  S Y S T E M  ---------------

OS: Windows 8 , 64 bit Build 9200 

CPU:total 4 (4 cores per cpu, 1 threads per core) family 22 model 0 stepping 1, cmov, cx8, fxsr, mmx, sse, sse2, sse3, ssse3, sse4.1, sse4.2, popcnt, avx, mmxext, 3dnowpref, lzcnt, sse4a, tsc, tscinvbit, tscinv

Memory: 4k page, physical 7828484k(4919928k free), swap 9008132k(5894460k free)

vm_info: Java HotSpot(TM) Client VM (23.25-b01) for windows-x86 JRE (1.7.0_25-b17), built on Jun 21 2013 13:06:48 by "java_re" with unknown MS VC++:1600

time: Tue Apr 08 00:15:34 2014
elapsed time: 0 seconds

